[2022-02-20 21:12:36] local.ERROR: count(): Parameter must be an array or an object that implements Countable {"exception":"[object] (ErrorException(code: 0): count(): Parameter must be an array or an object that implements Countable at /Users/olubiyomayowa/Documents/BMA/base-wallet-service/app/Http/Controllers/RevenueDisbursementController.php:48)
[stacktrace]
#0 [internal function]: Laravel\\Lumen\\Application->Laravel\\Lumen\\Concerns\\{closure}(2, 'count(): Parame...', '/Users/olubiyom...', 48, Array)
#1 /Users/olubiyomayowa/Documents/BMA/base-wallet-service/app/Http/Controllers/RevenueDisbursementController.php(48): count(NULL)
#2 /Users/olubiyomayowa/Documents/BMA/base-wallet-service/vendor/illuminate/database/Concerns/ManagesTransactions.php(29): App\\Http\\Controllers\\RevenueDisbursementController->App\\Http\\Controllers\\{closure}(Object(Illuminate\\Database\\MySqlConnection))
#3 /Users/olubiyomayowa/Documents/BMA/base-wallet-service/vendor/illuminate/database/DatabaseManager.php(371): Illuminate\\Database\\Connection->transaction(Object(Closure), 2)
#4 /Users/olubiyomayowa/Documents/BMA/base-wallet-service/vendor/illuminate/support/Facades/Facade.php(261): Illuminate\\Database\\DatabaseManager->__call('transaction', Array)
#5 /Users/olubiyomayowa/Documents/BMA/base-wallet-service/app/Http/Controllers/RevenueDisbursementController.php(75): Illuminate\\Support\\Facades\\Facade::__callStatic('transaction', Array)
#6 /Users/olubiyomayowa/Documents/BMA/base-wallet-service/vendor/illuminate/container/BoundMethod.php(36): App\\Http\\Controllers\\RevenueDisbursementController->index(Object(Laravel\\Lumen\\Http\\Request))
#7 /Users/olubiyomayowa/Documents/BMA/base-wallet-service/vendor/illuminate/container/Util.php(40): Illuminate\\Container\\BoundMethod::Illuminate\\Container\\{closure}()
#8 /Users/olubiyomayowa/Documents/BMA/base-wallet-service/vendor/illuminate/container/BoundMethod.php(93): Illuminate\\Container\\Util::unwrapIfClosure(Object(Closure))
#9 /Users/olubiyomayowa/Documents/BMA/base-wallet-service/vendor/illuminate/container/BoundMethod.php(37): Illuminate\\Container\\BoundMethod::callBoundMethod(Object(Laravel\\Lumen\\Application), Array, Object(Closure))
#10 /Users/olubiyomayowa/Documents/BMA/base-wallet-service/vendor/illuminate/container/Container.php(611): Illuminate\\Container\\BoundMethod::call(Object(Laravel\\Lumen\\Application), Array, Array, NULL)
#11 /Users/olubiyomayowa/Documents/BMA/base-wallet-service/vendor/laravel/lumen-framework/src/Concerns/RoutesRequests.php(386): Illuminate\\Container\\Container->call(Array, Array)
#12 /Users/olubiyomayowa/Documents/BMA/base-wallet-service/vendor/laravel/lumen-framework/src/Concerns/RoutesRequests.php(352): Laravel\\Lumen\\Application->callControllerCallable(Array, Array)
#13 /Users/olubiyomayowa/Documents/BMA/base-wallet-service/vendor/laravel/lumen-framework/src/Concerns/RoutesRequests.php(326): Laravel\\Lumen\\Application->callLumenController(Object(App\\Http\\Controllers\\RevenueDisbursementController), 'index', Array)
#14 /Users/olubiyomayowa/Documents/BMA/base-wallet-service/vendor/laravel/lumen-framework/src/Concerns/RoutesRequests.php(279): Laravel\\Lumen\\Application->callControllerAction(Array)
#15 /Users/olubiyomayowa/Documents/BMA/base-wallet-service/vendor/laravel/lumen-framework/src/Concerns/RoutesRequests.php(264): Laravel\\Lumen\\Application->callActionOnArrayBasedRoute(Array)
#16 /Users/olubiyomayowa/Documents/BMA/base-wallet-service/vendor/laravel/lumen-framework/src/Concerns/RoutesRequests.php(166): Laravel\\Lumen\\Application->handleFoundRoute(Array)
#17 /Users/olubiyomayowa/Documents/BMA/base-wallet-service/vendor/laravel/lumen-framework/src/Routing/Pipeline.php(48): Laravel\\Lumen\\Application->Laravel\\Lumen\\Concerns\\{closure}(Object(Laravel\\Lumen\\Http\\Request))
#18 /Users/olubiyomayowa/Documents/BMA/base-wallet-service/vendor/sentry/sentry-laravel/src/Sentry/Laravel/Http/SetRequestIpMiddleware.php(37): Laravel\\Lumen\\Routing\\Pipeline->Laravel\\Lumen\\Routing\\{closure}(Object(Laravel\\Lumen\\Http\\Request))
#19 /Users/olubiyomayowa/Documents/BMA/base-wallet-service/vendor/illuminate/pipeline/Pipeline.php(167): Sentry\\Laravel\\Http\\SetRequestIpMiddleware->handle(Object(Laravel\\Lumen\\Http\\Request), Object(Closure))
#20 /Users/olubiyomayowa/Documents/BMA/base-wallet-service/vendor/laravel/lumen-framework/src/Routing/Pipeline.php(30): Illuminate\\Pipeline\\Pipeline->Illuminate\\Pipeline\\{closure}(Object(Laravel\\Lumen\\Http\\Request))
#21 /Users/olubiyomayowa/Documents/BMA/base-wallet-service/app/Http/Middleware/CorsMiddleware.php(31): Laravel\\Lumen\\Routing\\Pipeline->Laravel\\Lumen\\Routing\\{closure}(Object(Laravel\\Lumen\\Http\\Request))
#22 /Users/olubiyomayowa/Documents/BMA/base-wallet-service/vendor/illuminate/pipeline/Pipeline.php(167): App\\Http\\Middleware\\CorsMiddleware->handle(Object(Laravel\\Lumen\\Http\\Request), Object(Closure))
#23 /Users/olubiyomayowa/Documents/BMA/base-wallet-service/vendor/laravel/lumen-framework/src/Routing/Pipeline.php(30): Illuminate\\Pipeline\\Pipeline->Illuminate\\Pipeline\\{closure}(Object(Laravel\\Lumen\\Http\\Request))
#24 /Users/olubiyomayowa/Documents/BMA/base-wallet-service/vendor/illuminate/pipeline/Pipeline.php(103): Laravel\\Lumen\\Routing\\Pipeline->Laravel\\Lumen\\Routing\\{closure}(Object(Laravel\\Lumen\\Http\\Request))
#25 /Users/olubiyomayowa/Documents/BMA/base-wallet-service/vendor/laravel/lumen-framework/src/Concerns/RoutesRequests.php(423): Illuminate\\Pipeline\\Pipeline->then(Object(Closure))
#26 /Users/olubiyomayowa/Documents/BMA/base-wallet-service/vendor/laravel/lumen-framework/src/Concerns/RoutesRequests.php(172): Laravel\\Lumen\\Application->sendThroughPipeline(Array, Object(Closure))
#27 /Users/olubiyomayowa/Documents/BMA/base-wallet-service/vendor/laravel/lumen-framework/src/Concerns/RoutesRequests.php(109): Laravel\\Lumen\\Application->dispatch(NULL)
#28 /Users/olubiyomayowa/Documents/BMA/base-wallet-service/public/index.php(28): Laravel\\Lumen\\Application->run()
#29 {main}
"} 
