[2022-02-09 12:33:00] local.ERROR: SQLSTATE[HY000] [1045] Access denied for user 'root'@'105.112.189.94' (using password: NO) (SQL: select * from information_schema.tables where table_schema = bma-wallet-service and table_name = migrations and table_type = 'BASE TABLE') {"exception":"[object] (Illuminate\\Database\\QueryException(code: 1045): SQLSTATE[HY000] [1045] Access denied for user 'root'@'105.112.189.94' (using password: NO) (SQL: select * from information_schema.tables where table_schema = bma-wallet-service and table_name = migrations and table_type = 'BASE TABLE') at /Users/olubiyomayowa/Documents/BMA/base-wallet-service/vendor/illuminate/database/Connection.php:678)
[stacktrace]
#0 /Users/olubiyomayowa/Documents/BMA/base-wallet-service/vendor/illuminate/database/Connection.php(638): Illuminate\\Database\\Connection->runQueryCallback('select * from i...', Array, Object(Closure))
#1 /Users/olubiyomayowa/Documents/BMA/base-wallet-service/vendor/illuminate/database/Connection.php(346): Illuminate\\Database\\Connection->run('select * from i...', Array, Object(Closure))
#2 /Users/olubiyomayowa/Documents/BMA/base-wallet-service/vendor/illuminate/database/Schema/MySqlBuilder.php(44): Illuminate\\Database\\Connection->select('select * from i...', Array)
#3 /Users/olubiyomayowa/Documents/BMA/base-wallet-service/vendor/illuminate/database/Migrations/DatabaseMigrationRepository.php(169): Illuminate\\Database\\Schema\\MySqlBuilder->hasTable('migrations')
#4 /Users/olubiyomayowa/Documents/BMA/base-wallet-service/vendor/illuminate/database/Migrations/Migrator.php(608): Illuminate\\Database\\Migrations\\DatabaseMigrationRepository->repositoryExists()
#5 /Users/olubiyomayowa/Documents/BMA/base-wallet-service/vendor/illuminate/database/Console/Migrations/MigrateCommand.php(106): Illuminate\\Database\\Migrations\\Migrator->repositoryExists()
#6 /Users/olubiyomayowa/Documents/BMA/base-wallet-service/vendor/illuminate/database/Console/Migrations/MigrateCommand.php(77): Illuminate\\Database\\Console\\Migrations\\MigrateCommand->prepareDatabase()
#7 /Users/olubiyomayowa/Documents/BMA/base-wallet-service/vendor/illuminate/database/Migrations/Migrator.php(541): Illuminate\\Database\\Console\\Migrations\\MigrateCommand->Illuminate\\Database\\Console\\Migrations\\{closure}()
#8 /Users/olubiyomayowa/Documents/BMA/base-wallet-service/vendor/illuminate/database/Console/Migrations/MigrateCommand.php(94): Illuminate\\Database\\Migrations\\Migrator->usingConnection(NULL, Object(Closure))
#9 /Users/olubiyomayowa/Documents/BMA/base-wallet-service/vendor/illuminate/container/BoundMethod.php(36): Illuminate\\Database\\Console\\Migrations\\MigrateCommand->handle()
#10 /Users/olubiyomayowa/Documents/BMA/base-wallet-service/vendor/illuminate/container/Util.php(40): Illuminate\\Container\\BoundMethod::Illuminate\\Container\\{closure}()
#11 /Users/olubiyomayowa/Documents/BMA/base-wallet-service/vendor/illuminate/container/BoundMethod.php(93): Illuminate\\Container\\Util::unwrapIfClosure(Object(Closure))
#12 /Users/olubiyomayowa/Documents/BMA/base-wallet-service/vendor/illuminate/container/BoundMethod.php(37): Illuminate\\Container\\BoundMethod::callBoundMethod(Object(Laravel\\Lumen\\Application), Array, Object(Closure))
#13 /Users/olubiyomayowa/Documents/BMA/base-wallet-service/vendor/illuminate/container/Container.php(611): Illuminate\\Container\\BoundMethod::call(Object(Laravel\\Lumen\\Application), Array, Array, NULL)
#14 /Users/olubiyomayowa/Documents/BMA/base-wallet-service/vendor/illuminate/console/Command.php(136): Illuminate\\Container\\Container->call(Array)
#15 /Users/olubiyomayowa/Documents/BMA/base-wallet-service/vendor/symfony/console/Command/Command.php(256): Illuminate\\Console\\Command->execute(Object(Symfony\\Component\\Console\\Input\\ArgvInput), Object(Illuminate\\Console\\OutputStyle))
#16 /Users/olubiyomayowa/Documents/BMA/base-wallet-service/vendor/illuminate/console/Command.php(121): Symfony\\Component\\Console\\Command\\Command->run(Object(Symfony\\Component\\Console\\Input\\ArgvInput), Object(Illuminate\\Console\\OutputStyle))
#17 /Users/olubiyomayowa/Documents/BMA/base-wallet-service/vendor/symfony/console/Application.php(971): Illuminate\\Console\\Command->run(Object(Symfony\\Component\\Console\\Input\\ArgvInput), Object(Symfony\\Component\\Console\\Output\\ConsoleOutput))
#18 /Users/olubiyomayowa/Documents/BMA/base-wallet-service/vendor/symfony/console/Application.php(290): Symfony\\Component\\Console\\Application->doRunCommand(Object(Illuminate\\Database\\Console\\Migrations\\MigrateCommand), Object(Symfony\\Component\\Console\\Input\\ArgvInput), Object(Symfony\\Component\\Console\\Output\\ConsoleOutput))
#19 /Users/olubiyomayowa/Documents/BMA/base-wallet-service/vendor/symfony/console/Application.php(166): Symfony\\Component\\Console\\Application->doRun(Object(Symfony\\Component\\Console\\Input\\ArgvInput), Object(Symfony\\Component\\Console\\Output\\ConsoleOutput))
#20 /Users/olubiyomayowa/Documents/BMA/base-wallet-service/vendor/illuminate/console/Application.php(92): Symfony\\Component\\Console\\Application->run(Object(Symfony\\Component\\Console\\Input\\ArgvInput), Object(Symfony\\Component\\Console\\Output\\ConsoleOutput))
#21 /Users/olubiyomayowa/Documents/BMA/base-wallet-service/vendor/laravel/lumen-framework/src/Console/Kernel.php(116): Illuminate\\Console\\Application->run(Object(Symfony\\Component\\Console\\Input\\ArgvInput), Object(Symfony\\Component\\Console\\Output\\ConsoleOutput))
#22 /Users/olubiyomayowa/Documents/BMA/base-wallet-service/artisan(35): Laravel\\Lumen\\Console\\Kernel->handle(Object(Symfony\\Component\\Console\\Input\\ArgvInput), Object(Symfony\\Component\\Console\\Output\\ConsoleOutput))
#23 {main}

[previous exception] [object] (PDOException(code: 1045): SQLSTATE[HY000] [1045] Access denied for user 'root'@'105.112.189.94' (using password: NO) at /Users/olubiyomayowa/Documents/BMA/base-wallet-service/vendor/illuminate/database/Connectors/Connector.php:70)
[stacktrace]
#0 /Users/olubiyomayowa/Documents/BMA/base-wallet-service/vendor/illuminate/database/Connectors/Connector.php(70): PDO->__construct('mysql:host=dev2...', 'root', '', Array)
#1 /Users/olubiyomayowa/Documents/BMA/base-wallet-service/vendor/illuminate/database/Connectors/Connector.php(46): Illuminate\\Database\\Connectors\\Connector->createPdoConnection('mysql:host=dev2...', 'root', '', Array)
#2 /Users/olubiyomayowa/Documents/BMA/base-wallet-service/vendor/illuminate/database/Connectors/MySqlConnector.php(24): Illuminate\\Database\\Connectors\\Connector->createConnection('mysql:host=dev2...', Array, Array)
#3 /Users/olubiyomayowa/Documents/BMA/base-wallet-service/vendor/illuminate/database/Connectors/ConnectionFactory.php(184): Illuminate\\Database\\Connectors\\MySqlConnector->connect(Array)
#4 [internal function]: Illuminate\\Database\\Connectors\\ConnectionFactory->Illuminate\\Database\\Connectors\\{closure}()
#5 /Users/olubiyomayowa/Documents/BMA/base-wallet-service/vendor/illuminate/database/Connection.php(949): call_user_func(Object(Closure))
#6 /Users/olubiyomayowa/Documents/BMA/base-wallet-service/vendor/illuminate/database/Connection.php(984): Illuminate\\Database\\Connection->getPdo()
#7 /Users/olubiyomayowa/Documents/BMA/base-wallet-service/vendor/illuminate/database/Connection.php(412): Illuminate\\Database\\Connection->getReadPdo()
#8 /Users/olubiyomayowa/Documents/BMA/base-wallet-service/vendor/illuminate/database/Connection.php(338): Illuminate\\Database\\Connection->getPdoForSelect(true)
#9 /Users/olubiyomayowa/Documents/BMA/base-wallet-service/vendor/illuminate/database/Connection.php(671): Illuminate\\Database\\Connection->Illuminate\\Database\\{closure}('select * from i...', Array)
#10 /Users/olubiyomayowa/Documents/BMA/base-wallet-service/vendor/illuminate/database/Connection.php(638): Illuminate\\Database\\Connection->runQueryCallback('select * from i...', Array, Object(Closure))
#11 /Users/olubiyomayowa/Documents/BMA/base-wallet-service/vendor/illuminate/database/Connection.php(346): Illuminate\\Database\\Connection->run('select * from i...', Array, Object(Closure))
#12 /Users/olubiyomayowa/Documents/BMA/base-wallet-service/vendor/illuminate/database/Schema/MySqlBuilder.php(44): Illuminate\\Database\\Connection->select('select * from i...', Array)
#13 /Users/olubiyomayowa/Documents/BMA/base-wallet-service/vendor/illuminate/database/Migrations/DatabaseMigrationRepository.php(169): Illuminate\\Database\\Schema\\MySqlBuilder->hasTable('migrations')
#14 /Users/olubiyomayowa/Documents/BMA/base-wallet-service/vendor/illuminate/database/Migrations/Migrator.php(608): Illuminate\\Database\\Migrations\\DatabaseMigrationRepository->repositoryExists()
#15 /Users/olubiyomayowa/Documents/BMA/base-wallet-service/vendor/illuminate/database/Console/Migrations/MigrateCommand.php(106): Illuminate\\Database\\Migrations\\Migrator->repositoryExists()
#16 /Users/olubiyomayowa/Documents/BMA/base-wallet-service/vendor/illuminate/database/Console/Migrations/MigrateCommand.php(77): Illuminate\\Database\\Console\\Migrations\\MigrateCommand->prepareDatabase()
#17 /Users/olubiyomayowa/Documents/BMA/base-wallet-service/vendor/illuminate/database/Migrations/Migrator.php(541): Illuminate\\Database\\Console\\Migrations\\MigrateCommand->Illuminate\\Database\\Console\\Migrations\\{closure}()
#18 /Users/olubiyomayowa/Documents/BMA/base-wallet-service/vendor/illuminate/database/Console/Migrations/MigrateCommand.php(94): Illuminate\\Database\\Migrations\\Migrator->usingConnection(NULL, Object(Closure))
#19 /Users/olubiyomayowa/Documents/BMA/base-wallet-service/vendor/illuminate/container/BoundMethod.php(36): Illuminate\\Database\\Console\\Migrations\\MigrateCommand->handle()
#20 /Users/olubiyomayowa/Documents/BMA/base-wallet-service/vendor/illuminate/container/Util.php(40): Illuminate\\Container\\BoundMethod::Illuminate\\Container\\{closure}()
#21 /Users/olubiyomayowa/Documents/BMA/base-wallet-service/vendor/illuminate/container/BoundMethod.php(93): Illuminate\\Container\\Util::unwrapIfClosure(Object(Closure))
#22 /Users/olubiyomayowa/Documents/BMA/base-wallet-service/vendor/illuminate/container/BoundMethod.php(37): Illuminate\\Container\\BoundMethod::callBoundMethod(Object(Laravel\\Lumen\\Application), Array, Object(Closure))
#23 /Users/olubiyomayowa/Documents/BMA/base-wallet-service/vendor/illuminate/container/Container.php(611): Illuminate\\Container\\BoundMethod::call(Object(Laravel\\Lumen\\Application), Array, Array, NULL)
#24 /Users/olubiyomayowa/Documents/BMA/base-wallet-service/vendor/illuminate/console/Command.php(136): Illuminate\\Container\\Container->call(Array)
#25 /Users/olubiyomayowa/Documents/BMA/base-wallet-service/vendor/symfony/console/Command/Command.php(256): Illuminate\\Console\\Command->execute(Object(Symfony\\Component\\Console\\Input\\ArgvInput), Object(Illuminate\\Console\\OutputStyle))
#26 /Users/olubiyomayowa/Documents/BMA/base-wallet-service/vendor/illuminate/console/Command.php(121): Symfony\\Component\\Console\\Command\\Command->run(Object(Symfony\\Component\\Console\\Input\\ArgvInput), Object(Illuminate\\Console\\OutputStyle))
#27 /Users/olubiyomayowa/Documents/BMA/base-wallet-service/vendor/symfony/console/Application.php(971): Illuminate\\Console\\Command->run(Object(Symfony\\Component\\Console\\Input\\ArgvInput), Object(Symfony\\Component\\Console\\Output\\ConsoleOutput))
#28 /Users/olubiyomayowa/Documents/BMA/base-wallet-service/vendor/symfony/console/Application.php(290): Symfony\\Component\\Console\\Application->doRunCommand(Object(Illuminate\\Database\\Console\\Migrations\\MigrateCommand), Object(Symfony\\Component\\Console\\Input\\ArgvInput), Object(Symfony\\Component\\Console\\Output\\ConsoleOutput))
#29 /Users/olubiyomayowa/Documents/BMA/base-wallet-service/vendor/symfony/console/Application.php(166): Symfony\\Component\\Console\\Application->doRun(Object(Symfony\\Component\\Console\\Input\\ArgvInput), Object(Symfony\\Component\\Console\\Output\\ConsoleOutput))
#30 /Users/olubiyomayowa/Documents/BMA/base-wallet-service/vendor/illuminate/console/Application.php(92): Symfony\\Component\\Console\\Application->run(Object(Symfony\\Component\\Console\\Input\\ArgvInput), Object(Symfony\\Component\\Console\\Output\\ConsoleOutput))
#31 /Users/olubiyomayowa/Documents/BMA/base-wallet-service/vendor/laravel/lumen-framework/src/Console/Kernel.php(116): Illuminate\\Console\\Application->run(Object(Symfony\\Component\\Console\\Input\\ArgvInput), Object(Symfony\\Component\\Console\\Output\\ConsoleOutput))
#32 /Users/olubiyomayowa/Documents/BMA/base-wallet-service/artisan(35): Laravel\\Lumen\\Console\\Kernel->handle(Object(Symfony\\Component\\Console\\Input\\ArgvInput), Object(Symfony\\Component\\Console\\Output\\ConsoleOutput))
#33 {main}
"} 
